Logfile for bbregister
Thu Jan 16 00:29:10 UTC 2020

setenv SUBJECTS_DIR /out/freesurfer
cd /out/freesurfer/sub-36/scripts
/opt/freesurfer/bin/bbregister --s sub-36 --mov /out/freesurfer/sub-36/mri/orig/T2raw.mgz --lta /out/freesurfer/sub-36/mri/transforms/T2raw.auto.lta --init-coreg --T2

$Id: bbregister,v 1.75 2016/05/10 20:02:28 greve Exp $
Linux b11c2c40da5f 4.4.0-170-generic #199-Ubuntu SMP Thu Nov 14 01:45:04 UTC 2019 x86_64 x86_64 x86_64 GNU/Linux
FREESURFER_HOME /opt/freesurfer
mri_convert /out/freesurfer/sub-36/mri/orig/T2raw.mgz /out/freesurfer/sub-36/mri/transforms/tmp.bbregister.97951/template.nii
mri_convert.bin /out/freesurfer/sub-36/mri/orig/T2raw.mgz /out/freesurfer/sub-36/mri/transforms/tmp.bbregister.97951/template.nii 
$Id: mri_convert.c,v 1.226 2016/02/26 16:15:24 mreuter Exp $
reading from /out/freesurfer/sub-36/mri/orig/T2raw.mgz...
TR=3200.00, TE=0.00, TI=0.00, flip angle=0.00
i_ras = (0.998733, 0.0276474, 0.0420523)
j_ras = (-0.0238178, 0.995748, -0.0889894)
k_ras = (-0.0443338, 0.087875, 0.995144)
writing to /out/freesurfer/sub-36/mri/transforms/tmp.bbregister.97951/template.nii...
mri_coreg --s sub-36 --mov /out/freesurfer/sub-36/mri/transforms/tmp.bbregister.97951/template.nii --regdat /out/freesurfer/sub-36/mri/transforms/tmp.bbregister.97951/reg.init.dat --reg /out/freesurfer/sub-36/mri/transforms/tmp.bbregister.97951/mri_coreg.lta --nthreads 4 --dof 6 --sep 4 --ftol .0001 --linmintol .01 --no-ref-mask

$Id: mri_coreg.c,v 1.27 2016/04/30 15:11:49 greve Exp $
cwd /out/freesurfer/sub-36/scripts
cmdline mri_coreg --s sub-36 --mov /out/freesurfer/sub-36/mri/transforms/tmp.bbregister.97951/template.nii --regdat /out/freesurfer/sub-36/mri/transforms/tmp.bbregister.97951/reg.init.dat --reg /out/freesurfer/sub-36/mri/transforms/tmp.bbregister.97951/mri_coreg.lta --nthreads 4 --dof 6 --sep 4 --ftol .0001 --linmintol .01 --no-ref-mask 
sysname  Linux
hostname b11c2c40da5f
machine  x86_64
user     root
dof    6
nsep    1
cras0    1
ftol    0.000100
linmintol    0.010000
bf       1
bflim    30.000000
bfnsamp    30
SmoothRef 0
SatPct    99.990000
MovOOB 0
optschema 1
Reading in mov /out/freesurfer/sub-36/mri/transforms/tmp.bbregister.97951/template.nii
Reading in ref /out/freesurfer/sub-36/mri/brainmask.mgz
Setting cras translation parameters to align centers
Creating random numbers for coordinate dithering
Performing intensity dithering
Initial parameters -0.7722 -0.0445 -0.7793  0.0000  0.0000  0.0000  1.0000  1.0000  1.0000  0.0000  0.0000  0.0000 
Separation list (1):  4   min = 4
DoSmoothing 1
DoCoordDither 1
DoIntensityDither 1
nitersmax 4
ftol 1.000e-04
linmintol 1.000e-02
SatPct 99.990000
Hist FWHM 7.000000 7.000000
nthreads 4
movsat = 528.0045
mov gstd 1.9140 1.9140 1.9140
Smoothing mov
refsat = 115.0000
ref gstd 1.9140 1.9140 1.9140
Smoothing ref
COREGpreproc() done
Testing if mov and target overlap
Init cost   -1.0495618549
nhits = 389837 out of 32768000, Percent Overlap:  76.1
Initial  RefRAS-to-MovRAS
 1.00000   0.00000   0.00000  -0.77223;
 0.00000   1.00000   0.00000  -0.04447;
 0.00000   0.00000   1.00000  -0.77927;
 0.00000   0.00000   0.00000   1.00000;
Initial  RefVox-to-MovVox
-0.99873  -0.04205   0.02765   289.09506;
 0.02382   0.08899   0.99575  -17.31449;
 0.04433  -0.99514   0.08788   297.13831;
 0.00000   0.00000   0.00000   1.00000;
sep = 4 -----------------------------------
COREGoptBruteForce() 30 1 30
Turning on MovOOB for BruteForce Search
#BF# sep= 4 iter=0 lim=30.0 delta=2.00  -0.77223  -0.04447   1.22073   0.00000   0.00000   0.00000   -1.0441432
Turning  MovOOB back off after brute force search


---------------------------------
Init Powel Params dof = 6
Starting OpenPowel2(), sep = 4
InitialCost        -1.0500566959 
#@#  4  188  -0.77223 -0.04447 1.22073 0.00000 0.00000 0.00000   -1.0500567
fs_powell::minimize
  nparams 6
  maxfev 4
  ftol   0.000100
  linmin_xtol_   0.010000
  powell nthiter 0: fret = -1.050057
#@#  4  190  0.22777 -0.04447 1.22073 0.00000 0.00000 0.00000   -1.0504786
#@#  4  194  -0.15420 -0.04447 1.22073 0.00000 0.00000 0.00000   -1.0505086
#@#  4  195  -0.01431 -0.04447 1.22073 0.00000 0.00000 0.00000   -1.0505267
#@#  4  196  -0.00431 -0.04447 1.22073 0.00000 0.00000 0.00000   -1.0505270
#@#  4  197  0.00760 -0.04447 1.22073 0.00000 0.00000 0.00000   -1.0505276
#@#  4  211  0.00760 -0.04447 -0.39731 0.00000 0.00000 0.00000   -1.0505310
#@#  4  212  0.00760 -0.04447 0.40958 0.00000 0.00000 0.00000   -1.0510082
#@#  4  216  0.00760 -0.04447 0.37746 0.00000 0.00000 0.00000   -1.0510092
#@#  4  217  0.00760 -0.04447 0.36746 0.00000 0.00000 0.00000   -1.0510093
#@#  4  218  0.00760 -0.04447 0.35746 0.00000 0.00000 0.00000   -1.0510098
#@#  4  226  0.00760 -0.04447 0.35746 -0.61803 0.00000 0.00000   -1.0512105
#@#  4  228  0.00760 -0.04447 0.35746 -0.70213 0.00000 0.00000   -1.0512120
#@#  4  229  0.00760 -0.04447 0.35746 -0.68413 0.00000 0.00000   -1.0512128
#@#  4  230  0.00760 -0.04447 0.35746 -0.66895 0.00000 0.00000   -1.0512134
#@#  4  238  0.00760 -0.04447 0.35746 -0.66895 -0.22799 0.00000   -1.0512279
#@#  4  239  0.00760 -0.04447 0.35746 -0.66895 -0.21799 0.00000   -1.0512280
#@#  4  247  0.00760 -0.04447 0.35746 -0.66895 -0.21799 -0.15619   -1.0512412
#@#  4  248  0.00760 -0.04447 0.35746 -0.66895 -0.21799 -0.17435   -1.0512414
  powell nthiter 1: fret = -1.051241
#@#  4  266  0.00760 -0.19930 0.35746 -0.66895 -0.21799 -0.17435   -1.0512615
#@#  4  275  0.00760 -0.20930 0.23864 -0.66895 -0.21799 -0.17435   -1.0512781
#@#  4  276  0.00760 -0.20930 0.22168 -0.66895 -0.21799 -0.17435   -1.0512788
#@#  4  277  0.00760 -0.20930 0.20073 -0.66895 -0.21799 -0.17435   -1.0512789
#@#  4  286  0.00760 -0.20930 0.20073 -0.84702 -0.21799 -0.17435   -1.0512885
#@#  4  287  0.00760 -0.20930 0.20073 -0.82879 -0.21799 -0.17435   -1.0512886
#@#  4  295  0.00760 -0.20930 0.20073 -0.82879 -0.18419 -0.17435   -1.0512894
#@#  4  305  0.00760 -0.20930 0.20073 -0.82879 -0.18419 -0.16277   -1.0512897
Powell done niters total = 1
OptTimeSec 11.0 sec
OptTimeMin  0.18 min
nEvals 306
Final parameters   0.00759928  -0.20930319   0.20072781  -0.82878822  -0.18418628  -0.16276966 
Final cost   -1.051289715579685
 

---------------------------------
mri_coreg utimesec    207.784000
mri_coreg stimesec    1.520000
mri_coreg ru_maxrss   853564
mri_coreg ru_ixrss    0
mri_coreg ru_idrss    0
mri_coreg ru_isrss    0
mri_coreg ru_minflt   1159238
mri_coreg ru_majflt   0
mri_coreg ru_nswap    0
mri_coreg ru_inblock  0
mri_coreg ru_oublock  16
mri_coreg ru_msgsnd   0
mri_coreg ru_msgrcv   0
mri_coreg ru_nsignals 0
mri_coreg ru_nvcsw    2469
mri_coreg ru_nivcsw   243
Final  RefRAS-to-MovRAS
 0.99999  -0.00284  -0.00321   0.00760;
 0.00279   0.99989  -0.01446  -0.20930;
 0.00326   0.01446   0.99989   0.20073;
 0.00000   0.00000   0.00000   1.00000;
Final  RefVox-to-MovVox
-0.99894  -0.03844   0.02541   290.01105;
 0.02133   0.10331   0.99442  -18.64542;
 0.04085  -0.99391   0.10238   297.07385;
 0.00000   0.00000   0.00000   1.00000;
Final parameters  0.0076 -0.2093  0.2007 -0.8288 -0.1842 -0.1628 
nhits = 387423 out of 32768000, Percent Overlap:  75.7
mri_coreg RunTimeSec 92.0 sec
To check run:
   tkregisterfv --mov /out/freesurfer/sub-36/mri/transforms/tmp.bbregister.97951/template.nii --targ /out/freesurfer/sub-36/mri/brainmask.mgz --reg /out/freesurfer/sub-36/mri/transforms/tmp.bbregister.97951/mri_coreg.lta --s sub-36 --surfs 

mri_coreg done

mri_segreg --mov /out/freesurfer/sub-36/mri/transforms/tmp.bbregister.97951/template.nii --init-reg /out/freesurfer/sub-36/mri/transforms/tmp.bbregister.97951/reg.init.dat --out-reg /out/freesurfer/sub-36/mri/transforms/tmp.bbregister.97951/bbr.pass1.dat --subsamp-brute 100 --subsamp 100 --tol 1e-4 --tol1d 1e-3 --brute -4 4 4 --surf white --gm-proj-frac 0.5 --gm-gt-wm 0.5
$Id: mri_segreg.c,v 1.113 2016/05/10 03:23:20 greve Exp $
setenv SUBJECTS_DIR /out/freesurfer
cd /out/freesurfer/sub-36/scripts
mri_segreg --mov /out/freesurfer/sub-36/mri/transforms/tmp.bbregister.97951/template.nii --init-reg /out/freesurfer/sub-36/mri/transforms/tmp.bbregister.97951/reg.init.dat --out-reg /out/freesurfer/sub-36/mri/transforms/tmp.bbregister.97951/bbr.pass1.dat --subsamp-brute 100 --subsamp 100 --tol 1e-4 --tol1d 1e-3 --brute -4 4 4 --surf white --gm-proj-frac 0.5 --gm-gt-wm 0.5 
sysname  Linux
hostname b11c2c40da5f
machine  x86_64
user     root
movvol /out/freesurfer/sub-36/mri/transforms/tmp.bbregister.97951/template.nii
regfile /out/freesurfer/sub-36/mri/transforms/tmp.bbregister.97951/reg.init.dat
subject sub-36
dof 6
outregfile /out/freesurfer/sub-36/mri/transforms/tmp.bbregister.97951/bbr.pass1.dat
UseMask 0
UseLH 1
UseRH 1
nsubsamp 100
PenaltySign  -1
PenaltySlope 0.500000
PenaltyCenter 0.000000
surfname white
GMProjFrac 0.500000
WMProjAbs 2.000000
lhcostfile (null)
rhcostfile (null)
interp  trilinear (1)
frame  0
TolPowell 0.000100
nMaxItersPowell 36
n1dmin  3
Profile   0
Gdiag_no  -1
AddNoise  0 (0)
SynthSeed 1580086587
TransRandMax 0.000000
RotRandMax 0.000000
Translations 0.000000 0.000000 0.000000
Rotations   0.000000 0.000000 0.000000
Input reg
-0.99894  -0.02542  -0.03844  -0.07832;
-0.04085   0.10238   0.99391   0.77180;
 0.02133  -0.99442   0.10331  -0.32231;
 0.00000   0.00000   0.00000   1.00000;

Loading mov
Projecting LH Surfs
Loading lh.white surf
Loading lh.thickness for GM
GM Proj: 1 0.500000 2.000000
WM Proj: 0 0.500000 2.000000
Projecting RH Surfs
Loading rh.white surf
Loading rh.thickness for GM
Projecting RH Surfs
Using lh.cortex.label
Using rh.cortex.label
Computing relative cost
 0  -25.0 -25.0 -25.0   1.010260
 1  -25.0 -25.0  25.0   0.988635
 2  -25.0  25.0 -25.0   0.990321
 3  -25.0  25.0  25.0   0.992369
 4   25.0 -25.0 -25.0   1.008516
 5   25.0 -25.0  25.0   1.016570
 6   25.0  25.0 -25.0   1.017759
 7   25.0  25.0  25.0   1.039395
REL:  8  0.104112    8.063825  1.007978 rel = 0.103288 
Initial costs ----------------
Number of surface hits 3894
WM  Intensity   130.0580 +/-  26.0134
Ctx Intensity   177.2132 +/-  24.1254
Pct Contrast     31.2561 +/-  19.1771
Cost   0.1041
RelCost   0.1033

------------------------------------
Brute force preopt -4 4 4, n = 729
     0  -4.0000  -4.0000  -4.0000  -4.0000  -4.0000  -4.0000      0.9791   0.9791  0.0
     1  -4.0000  -4.0000  -4.0000  -4.0000  -4.0000   0.0000      0.9748   0.9748  0.0
     3  -4.0000  -4.0000  -4.0000  -4.0000   0.0000  -4.0000      0.9339   0.9339  0.0
     6  -4.0000  -4.0000  -4.0000  -4.0000   4.0000  -4.0000      0.9254   0.9254  0.0
     7  -4.0000  -4.0000  -4.0000  -4.0000   4.0000   0.0000      0.9183   0.9183  0.0
    15  -4.0000  -4.0000  -4.0000   0.0000   4.0000  -4.0000      0.8859   0.8859  0.0
    33  -4.0000  -4.0000   0.0000  -4.0000   4.0000  -4.0000      0.8490   0.8490  0.0
    34  -4.0000  -4.0000   0.0000  -4.0000   4.0000   0.0000      0.8317   0.8317  0.0
    39  -4.0000  -4.0000   0.0000   0.0000   0.0000  -4.0000      0.8119   0.8119  0.0
    57  -4.0000  -4.0000   4.0000  -4.0000   0.0000  -4.0000      0.7794   0.7794  0.0
   120  -4.0000   0.0000   0.0000   0.0000   0.0000  -4.0000      0.6698   0.6698  0.0
   124  -4.0000   0.0000   0.0000   0.0000   4.0000   0.0000      0.6408   0.6408  0.0
   301   0.0000  -4.0000   4.0000  -4.0000   0.0000   0.0000      0.6182   0.6182  0.0
   364   0.0000   0.0000   0.0000   0.0000   0.0000   0.0000      0.1041   0.1041  0.0
Brute Force --------------------------
Min cost was 0.104112
Number of iterations   729
Search time 1.530000 sec
Parameters at best (transmm, rotdeg)
  0.000   0.000   0.000  0.000  0.000  0.000 
--------------------------------------------

Starting Powell Minimization
Init Powel Params dof = 6
0 0
1 0
2 0
3 0
4 0
5 0
fs_powell::minimize
  nparams 6
  maxfev 36
  ftol   0.000100
  linmin_xtol_   0.001000
  powell nthiter 0: fret = 0.104112
   7 -0.185  0.000  0.000  0.000  0.000  0.000   0.0976499196
   9 -0.190  0.000  0.000  0.000  0.000  0.000   0.0976311053
  19 -0.190 -0.264  0.000  0.000  0.000  0.000   0.0886112108
  20 -0.190 -0.256  0.000  0.000  0.000  0.000   0.0881287539
  21 -0.190 -0.180  0.000  0.000  0.000  0.000   0.0875745088
  23 -0.190 -0.212  0.000  0.000  0.000  0.000   0.0870548454
  24 -0.190 -0.211  0.000  0.000  0.000  0.000   0.0870547895
  33 -0.190 -0.211  0.040  0.000  0.000  0.000   0.0866954951
  34 -0.190 -0.211  0.041  0.000  0.000  0.000   0.0866902584
  37 -0.190 -0.211  0.045  0.000  0.000  0.000   0.0866815343
  38 -0.190 -0.211  0.044  0.000  0.000  0.000   0.0866815188
  46 -0.190 -0.211  0.044 -0.172  0.000  0.000   0.0861974749
  47 -0.190 -0.211  0.044 -0.096  0.000  0.000   0.0844994075
  48 -0.190 -0.211  0.044 -0.091  0.000  0.000   0.0844302210
  50 -0.190 -0.211  0.044 -0.081  0.000  0.000   0.0843442540
  52 -0.190 -0.211  0.044 -0.080  0.000  0.000   0.0843424203
  63 -0.190 -0.211  0.044 -0.080 -0.051  0.000   0.0842525416
  64 -0.190 -0.211  0.044 -0.080 -0.028  0.000   0.0839663642
  65 -0.190 -0.211  0.044 -0.080 -0.027  0.000   0.0839653265
  73 -0.190 -0.211  0.044 -0.080 -0.027  0.110   0.0803998792
  75 -0.190 -0.211  0.044 -0.080 -0.027  0.105   0.0803530002
  77 -0.190 -0.211  0.044 -0.080 -0.027  0.090   0.0802760632
  79 -0.190 -0.211  0.044 -0.080 -0.027  0.093   0.0802739849
  82 -0.190 -0.211  0.044 -0.080 -0.027  0.092   0.0802733173
  powell nthiter 1: fret = 0.080273
  92 -0.189 -0.211  0.044 -0.080 -0.027  0.092   0.0802639360
  93 -0.184 -0.211  0.044 -0.080 -0.027  0.092   0.0802353262
  97 -0.183 -0.211  0.044 -0.080 -0.027  0.092   0.0802335447
 104 -0.183 -0.367  0.044 -0.080 -0.027  0.092   0.0798023492
 105 -0.183 -0.301  0.044 -0.080 -0.027  0.092   0.0779766008
 106 -0.183 -0.293  0.044 -0.080 -0.027  0.092   0.0779706177
 107 -0.183 -0.296  0.044 -0.080 -0.027  0.092   0.0779615164
 108 -0.183 -0.297  0.044 -0.080 -0.027  0.092   0.0779604252
 118 -0.183 -0.297  0.047 -0.080 -0.027  0.092   0.0779471161
 119 -0.183 -0.297  0.051 -0.080 -0.027  0.092   0.0779423501
 121 -0.183 -0.297  0.050 -0.080 -0.027  0.092   0.0779406279
 130 -0.183 -0.297  0.050 -0.110 -0.027  0.092   0.0769850590
 131 -0.183 -0.297  0.050 -0.134 -0.027  0.092   0.0766455198
 134 -0.183 -0.297  0.050 -0.135 -0.027  0.092   0.0766435590
 144 -0.183 -0.297  0.050 -0.135  0.023  0.092   0.0765491241
 146 -0.183 -0.297  0.050 -0.135  0.003  0.092   0.0762617302
 147 -0.183 -0.297  0.050 -0.135  0.000  0.092   0.0762391817
 149 -0.183 -0.297  0.050 -0.135 -0.003  0.092   0.0762367443
 150 -0.183 -0.297  0.050 -0.135 -0.002  0.092   0.0762350968
 158 -0.183 -0.297  0.050 -0.135 -0.002  0.125   0.0756384394
 159 -0.183 -0.297  0.050 -0.135 -0.002  0.159   0.0754657203
 162 -0.183 -0.297  0.050 -0.135 -0.002  0.177   0.0754531671
 163 -0.183 -0.297  0.050 -0.135 -0.002  0.172   0.0754432895
 164 -0.183 -0.297  0.050 -0.135 -0.002  0.170   0.0754431983
 166 -0.183 -0.297  0.050 -0.135 -0.002  0.171   0.0754430547
 167 -0.176 -0.384  0.055 -0.189  0.023  0.250   0.0748788241
 173 -0.179 -0.351  0.053 -0.168  0.013  0.220   0.0748574246
 174 -0.178 -0.366  0.054 -0.178  0.018  0.234   0.0748552150
 176 -0.177 -0.373  0.054 -0.182  0.020  0.240   0.0748249809
 178 -0.177 -0.374  0.054 -0.183  0.020  0.241   0.0748221544
 180 -0.177 -0.374  0.054 -0.183  0.020  0.241   0.0748217887
  powell nthiter 2: fret = 0.074822
 193 -0.152 -0.374  0.054 -0.183  0.020  0.241   0.0745360480
 194 -0.146 -0.374  0.054 -0.183  0.020  0.241   0.0744942123
 196 -0.139 -0.374  0.054 -0.183  0.020  0.241   0.0744739245
 197 -0.137 -0.374  0.054 -0.183  0.020  0.241   0.0744733948
 206 -0.137 -0.374  0.054 -0.183  0.020  0.225   0.0742251193
 208 -0.137 -0.374  0.054 -0.183  0.020  0.220   0.0742174638
 218 -0.137 -0.374  0.139 -0.183  0.020  0.220   0.0735089429
 220 -0.137 -0.374  0.111 -0.183  0.020  0.220   0.0731533235
 221 -0.137 -0.374  0.108 -0.183  0.020  0.220   0.0731312619
 223 -0.137 -0.374  0.103 -0.183  0.020  0.220   0.0731193225
 224 -0.137 -0.374  0.102 -0.183  0.020  0.220   0.0731190865
 233 -0.137 -0.374  0.102 -0.200  0.020  0.220   0.0730080603
 234 -0.137 -0.374  0.102 -0.202  0.020  0.220   0.0730069941
 242 -0.137 -0.374  0.102 -0.202  0.123  0.220   0.0726084307
 243 -0.137 -0.374  0.102 -0.202  0.090  0.220   0.0723892214
 244 -0.137 -0.374  0.102 -0.202  0.084  0.220   0.0723890860
 247 -0.137 -0.374  0.102 -0.202  0.075  0.220   0.0723842490
 249 -0.137 -0.374  0.102 -0.202  0.079  0.220   0.0723829052
 250 -0.137 -0.374  0.102 -0.202  0.078  0.220   0.0723825904
 258 -0.137 -0.384  0.102 -0.208  0.080  0.229   0.0722708147
 260 -0.137 -0.384  0.102 -0.207  0.080  0.229   0.0722700390
 262 -0.137 -0.383  0.102 -0.207  0.080  0.229   0.0722698793
 264 -0.137 -0.383  0.102 -0.207  0.080  0.229   0.0722691415
  powell nthiter 3: fret = 0.072269
 281 -0.136 -0.383  0.102 -0.207  0.080  0.229   0.0722691279
 289 -0.136 -0.383  0.102 -0.207  0.080  0.218   0.0722069177
 291 -0.136 -0.383  0.102 -0.207  0.080  0.216   0.0722035748
 302 -0.136 -0.383  0.134 -0.207  0.080  0.216   0.0715714924
 304 -0.136 -0.383  0.136 -0.207  0.080  0.216   0.0715686042
 314 -0.136 -0.383  0.136 -0.220  0.080  0.216   0.0715500202
 315 -0.136 -0.383  0.136 -0.216  0.080  0.216   0.0715246096
 316 -0.136 -0.383  0.136 -0.214  0.080  0.216   0.0715220313
 325 -0.136 -0.383  0.136 -0.214  0.098  0.216   0.0713830097
 328 -0.136 -0.383  0.136 -0.214  0.099  0.216   0.0713822837
 335 -0.134 -0.399  0.137 -0.224  0.103  0.230   0.0711909899
 338 -0.134 -0.399  0.137 -0.224  0.103  0.230   0.0711907321
 339 -0.134 -0.399  0.137 -0.224  0.104  0.230   0.0711906939
 340 -0.132 -0.415  0.172 -0.241  0.127  0.232   0.0709478452
 347 -0.132 -0.415  0.171 -0.241  0.126  0.232   0.0709464530
 348 -0.132 -0.413  0.167 -0.239  0.124  0.232   0.0709430783
 351 -0.132 -0.413  0.166 -0.239  0.123  0.232   0.0709430121
 352 -0.132 -0.413  0.166 -0.239  0.123  0.232   0.0709426307
  powell nthiter 4: fret = 0.070943
 367 -0.135 -0.413  0.166 -0.239  0.123  0.232   0.0709337439
 383 -0.135 -0.413  0.166 -0.239  0.123  0.226   0.0709279528
 384 -0.135 -0.413  0.166 -0.239  0.123  0.228   0.0709261991
 392 -0.135 -0.417  0.167 -0.241  0.125  0.232   0.0708814307
 393 -0.135 -0.421  0.167 -0.244  0.126  0.236   0.0708681348
 394 -0.135 -0.421  0.167 -0.244  0.126  0.235   0.0708672755
 395 -0.135 -0.420  0.167 -0.244  0.126  0.235   0.0708663355
 399 -0.135 -0.420  0.167 -0.243  0.126  0.234   0.0708663085
 401 -0.135 -0.420  0.167 -0.243  0.126  0.234   0.0708662620
 410 -0.135 -0.420  0.167 -0.240  0.126  0.234   0.0708302870
 412 -0.135 -0.420  0.167 -0.238  0.126  0.234   0.0708262875
 422 -0.135 -0.420  0.167 -0.238  0.107  0.234   0.0707492893
 427 -0.133 -0.436  0.201 -0.255  0.130  0.236   0.0706893002
 431 -0.133 -0.430  0.188 -0.248  0.121  0.235   0.0706690894
 432 -0.133 -0.431  0.191 -0.250  0.123  0.236   0.0706617408
 433 -0.133 -0.432  0.193 -0.251  0.124  0.236   0.0706610502
 434 -0.133 -0.432  0.192 -0.250  0.124  0.236   0.0706607102
 435 -0.133 -0.432  0.192 -0.250  0.124  0.236   0.0706606761
 436 -0.133 -0.431  0.192 -0.250  0.123  0.236   0.0706603913
 438 -0.133 -0.432  0.192 -0.250  0.123  0.236   0.0706602471
 440 -0.133 -0.432  0.192 -0.250  0.123  0.236   0.0706602404
  powell nthiter 5: fret = 0.070660
 453 -0.131 -0.432  0.192 -0.250  0.123  0.236   0.0706549052
 465 -0.131 -0.432  0.192 -0.250  0.123  0.235   0.0706530799
 473 -0.131 -0.432  0.192 -0.250  0.124  0.235   0.0706486844
 474 -0.130 -0.438  0.192 -0.254  0.125  0.240   0.0706342277
 476 -0.130 -0.436  0.192 -0.253  0.125  0.239   0.0706298771
 478 -0.130 -0.436  0.192 -0.253  0.125  0.239   0.0706296842
 494 -0.130 -0.436  0.192 -0.252  0.125  0.239   0.0706268236
 504 -0.130 -0.436  0.192 -0.252  0.112  0.239   0.0705867830
 505 -0.130 -0.436  0.192 -0.252  0.114  0.239   0.0705866785
 513 -0.130 -0.437  0.195 -0.253  0.115  0.239   0.0705841783
 514 -0.130 -0.438  0.195 -0.253  0.116  0.239   0.0705841024
 521 -0.130 -0.438  0.195 -0.253  0.116  0.239   0.0705840829
 522 -0.127 -0.444  0.199 -0.256  0.108  0.243   0.0705764140
 528 -0.128 -0.442  0.197 -0.255  0.111  0.241   0.0705714628
 535 -0.128 -0.442  0.197 -0.255  0.111  0.241   0.0705714511
  powell nthiter 6: fret = 0.070571
 545 -0.124 -0.442  0.197 -0.255  0.111  0.241   0.0705551361
 546 -0.121 -0.442  0.197 -0.255  0.111  0.241   0.0705535672
 548 -0.122 -0.442  0.197 -0.255  0.111  0.241   0.0705532646
 558 -0.122 -0.442  0.197 -0.255  0.111  0.240   0.0705522806
 566 -0.122 -0.443  0.197 -0.256  0.112  0.242   0.0705503930
 568 -0.122 -0.443  0.197 -0.256  0.112  0.242   0.0705502581
 582 -0.122 -0.443  0.197 -0.254  0.112  0.242   0.0705460413
 590 -0.122 -0.441  0.194 -0.253  0.109  0.241   0.0705428766
  powell nthiter 7: fret = 0.070543
 637 -0.122 -0.441  0.194 -0.253  0.109  0.240   0.0705426993
 645 -0.122 -0.442  0.194 -0.253  0.109  0.242   0.0705403971
 647 -0.122 -0.443  0.194 -0.254  0.109  0.242   0.0705402724
 661 -0.122 -0.443  0.194 -0.253  0.109  0.242   0.0705382576
 669 -0.123 -0.442  0.191 -0.251  0.108  0.242   0.0705380681
 670 -0.122 -0.442  0.192 -0.252  0.109  0.242   0.0705378919
 671 -0.122 -0.442  0.192 -0.252  0.108  0.242   0.0705378348
 672 -0.122 -0.442  0.192 -0.252  0.108  0.242   0.0705377685
 673 -0.122 -0.442  0.192 -0.252  0.108  0.242   0.0705376568
Powell done niters = 7
Computing relative cost
 0  -25.0 -25.0 -25.0   1.001249
 1  -25.0 -25.0  25.0   0.994951
 2  -25.0  25.0 -25.0   0.994479
 3  -25.0  25.0  25.0   0.986660
 4   25.0 -25.0 -25.0   1.009319
 5   25.0 -25.0  25.0   1.010835
 6   25.0  25.0 -25.0   1.002030
 7   25.0  25.0  25.0   1.033058
REL:  8  0.070538    8.032582  1.004073 rel = 0.0702515 
Number of iterations     7
Min cost was 0.070538
Number of FunctionCalls   691
TolPowell 0.000100
nMaxItersPowell 36
OptimizationTime 1.401000 sec
Parameters at optimum (transmm) -0.12248 -0.44188  0.19168
Parameters at optimum (rotdeg) -0.25168  0.10811  0.24177 
Final costs ----------------
Number of surface hits 3894
WM  Intensity   129.2806 +/-  24.7229
Ctx Intensity   177.8511 +/-  23.3714
Pct Contrast     32.1893 +/-  18.0402
Cost   0.0705
RelCost   0.1033
Reg at min cost was 
-0.99871  -0.02771  -0.04245  -0.20467;
-0.04497   0.09789   0.99418   0.32815;
 0.02339  -0.99481   0.09901  -0.13387;
 0.00000   0.00000   0.00000   1.00000;

Writing optimal reg to /out/freesurfer/sub-36/mri/transforms/tmp.bbregister.97951/bbr.pass1.dat, type = 14 
Original Reg 
-0.99894  -0.02542  -0.03844  -0.07832;
-0.04085   0.10238   0.99391   0.77180;
 0.02133  -0.99442   0.10331  -0.32231;
 0.00000   0.00000   0.00000   1.00000;

Original Reg - Optimal Reg
-0.00022   0.00229   0.00401   0.12635;
 0.00412   0.00449  -0.00027   0.44364;
-0.00206   0.00039   0.00429  -0.18844;
 0.00000   0.00000   0.00000   0.00000;

Computing change in lh position
LH rmsDiffMean 0.340223
Computing change in rh position
Surface-RMS-Diff-mm 0.424637 0.205875 0.895546
mri_segreg done
mri_segreg --mov /out/freesurfer/sub-36/mri/transforms/tmp.bbregister.97951/template.nii --init-reg /out/freesurfer/sub-36/mri/transforms/tmp.bbregister.97951/bbr.pass1.dat --out-reg /out/freesurfer/sub-36/mri/transforms/T2raw.auto.dat --interp trilinear --wm-proj-abs 2 --tol 1e-8 --tol1d 1e-3 --c0 0 --mincost /out/freesurfer/sub-36/mri/transforms/T2raw.auto.dat.mincost --dof 6 --nmax 36 --param /out/freesurfer/sub-36/mri/transforms/T2raw.auto.dat.param --surf white --brute -0.1 0.1 0.1 --cur-reg /out/freesurfer/sub-36/mri/transforms/tmp.bbregister.97951/reg.curopt.dat --gm-proj-frac 0.5 --nsub 1 --gm-gt-wm 0.5
$Id: mri_segreg.c,v 1.113 2016/05/10 03:23:20 greve Exp $
setenv SUBJECTS_DIR /out/freesurfer
cd /out/freesurfer/sub-36/scripts
mri_segreg --mov /out/freesurfer/sub-36/mri/transforms/tmp.bbregister.97951/template.nii --init-reg /out/freesurfer/sub-36/mri/transforms/tmp.bbregister.97951/bbr.pass1.dat --out-reg /out/freesurfer/sub-36/mri/transforms/T2raw.auto.dat --interp trilinear --wm-proj-abs 2 --tol 1e-8 --tol1d 1e-3 --c0 0 --mincost /out/freesurfer/sub-36/mri/transforms/T2raw.auto.dat.mincost --dof 6 --nmax 36 --param /out/freesurfer/sub-36/mri/transforms/T2raw.auto.dat.param --surf white --brute -0.1 0.1 0.1 --cur-reg /out/freesurfer/sub-36/mri/transforms/tmp.bbregister.97951/reg.curopt.dat --gm-proj-frac 0.5 --nsub 1 --gm-gt-wm 0.5 
sysname  Linux
hostname b11c2c40da5f
machine  x86_64
user     root
movvol /out/freesurfer/sub-36/mri/transforms/tmp.bbregister.97951/template.nii
regfile /out/freesurfer/sub-36/mri/transforms/tmp.bbregister.97951/bbr.pass1.dat
subject sub-36
dof 6
outregfile /out/freesurfer/sub-36/mri/transforms/T2raw.auto.dat
UseMask 0
UseLH 1
UseRH 1
nsubsamp 1
PenaltySign  -1
PenaltySlope 0.500000
PenaltyCenter 0.000000
surfname white
GMProjFrac 0.500000
WMProjAbs 2.000000
lhcostfile (null)
rhcostfile (null)
interp  trilinear (1)
frame  0
TolPowell 0.000000
nMaxItersPowell 36
n1dmin  3
Profile   0
Gdiag_no  -1
AddNoise  0 (0)
SynthSeed 1579746591
TransRandMax 0.000000
RotRandMax 0.000000
Translations 0.000000 0.000000 0.000000
Rotations   0.000000 0.000000 0.000000
Input reg
-0.99871  -0.02771  -0.04245  -0.20467;
-0.04497   0.09789   0.99418   0.32815;
 0.02339  -0.99481   0.09901  -0.13387;
 0.00000   0.00000   0.00000   1.00000;

Loading mov
Projecting LH Surfs
Loading lh.white surf
Loading lh.thickness for GM
GM Proj: 1 0.500000 2.000000
WM Proj: 0 0.500000 2.000000
Projecting RH Surfs
Loading rh.white surf
Loading rh.thickness for GM
Projecting RH Surfs
Using lh.cortex.label
Using rh.cortex.label
Computing relative cost
 0  -25.0 -25.0 -25.0   1.003860
 1  -25.0 -25.0  25.0   1.002147
 2  -25.0  25.0 -25.0   1.006491
 3  -25.0  25.0  25.0   0.992834
 4   25.0 -25.0 -25.0   0.993789
 5   25.0 -25.0  25.0   1.009442
 6   25.0  25.0 -25.0   1.003231
 7   25.0  25.0  25.0   1.014228
REL:  8  0.074827    8.026021  1.003253 rel = 0.0745839 
Initial costs ----------------
Number of surface hits 388489
WM  Intensity   129.5220 +/-  25.3098
Ctx Intensity   177.9044 +/-  23.5796
Pct Contrast     32.0402 +/-  18.3416
Cost   0.0748
RelCost   0.0746

------------------------------------
Brute force preopt -0.1 0.1 0.1, n = 729
     0  -0.1000  -0.1000  -0.1000  -0.1000  -0.1000  -0.1000      0.0742   0.0742  0.0
     3  -0.1000  -0.1000  -0.1000  -0.1000   0.0000  -0.1000      0.0723   0.0723  0.0
    27  -0.1000  -0.1000   0.0000  -0.1000  -0.1000  -0.1000      0.0706   0.0706  0.0
    30  -0.1000  -0.1000   0.0000  -0.1000   0.0000  -0.1000      0.0695   0.0695  0.0
    57  -0.1000  -0.1000   0.1000  -0.1000   0.0000  -0.1000      0.0694   0.0694  0.0
    60  -0.1000  -0.1000   0.1000  -0.1000   0.1000  -0.1000      0.0681   0.0681  0.0
   303   0.0000  -0.1000   0.1000  -0.1000   0.1000  -0.1000      0.0680   0.0680  0.0
Brute Force --------------------------
Min cost was 0.067979
Number of iterations   729
Search time 1.482000 sec
Parameters at best (transmm, rotdeg)
  0.000  -0.100   0.100 -0.100  0.100 -0.100 
--------------------------------------------

Starting Powell Minimization
Init Powel Params dof = 6
0 0
1 -0.1
2 0.1
3 -0.1
4 0.1
5 -0.1
fs_powell::minimize
  nparams 6
  maxfev 36
  ftol   0.000000
  linmin_xtol_   0.001000
  powell nthiter 0: fret = 0.071553
   7 -0.033 -0.100  0.100 -0.100  0.100 -0.100   0.0713755049
   8 -0.042 -0.100  0.100 -0.100  0.100 -0.100   0.0713737620
   9 -0.038 -0.100  0.100 -0.100  0.100 -0.100   0.0713721258
  18 -0.038 -0.120  0.100 -0.100  0.100 -0.100   0.0713615894
  19 -0.038 -0.112  0.100 -0.100  0.100 -0.100   0.0713517024
  20 -0.038 -0.111  0.100 -0.100  0.100 -0.100   0.0713516932
  28 -0.038 -0.111 -0.001 -0.100  0.100 -0.100   0.0701815676
  31 -0.038 -0.111 -0.000 -0.100  0.100 -0.100   0.0701815037
  40 -0.038 -0.111 -0.000 -0.118  0.100 -0.100   0.0700910497
  41 -0.038 -0.111 -0.000 -0.122  0.100 -0.100   0.0700903249
  42 -0.038 -0.111 -0.000 -0.120  0.100 -0.100   0.0700898591
  50 -0.038 -0.111 -0.000 -0.120  0.058 -0.100   0.0698930335
  51 -0.038 -0.111 -0.000 -0.120  0.061 -0.100   0.0698903490
  52 -0.038 -0.111 -0.000 -0.120  0.063 -0.100   0.0698897953
  60 -0.038 -0.111 -0.000 -0.120  0.063 -0.140   0.0698806500
  61 -0.038 -0.111 -0.000 -0.120  0.063 -0.121   0.0698298041
  62 -0.038 -0.111 -0.000 -0.120  0.063 -0.122   0.0698297934
  powell nthiter 1: fret = 0.069830
  71 -0.028 -0.111 -0.000 -0.120  0.063 -0.122   0.0698294522
  72 -0.033 -0.111 -0.000 -0.120  0.063 -0.122   0.0698261898
  81 -0.033 -0.136 -0.000 -0.120  0.063 -0.122   0.0698078606
  82 -0.033 -0.127 -0.000 -0.120  0.063 -0.122   0.0697973865
  83 -0.033 -0.126 -0.000 -0.120  0.063 -0.122   0.0697972808
  91 -0.033 -0.126  0.015 -0.120  0.063 -0.122   0.0697774969
  92 -0.033 -0.126  0.014 -0.120  0.063 -0.122   0.0697772238
 100 -0.033 -0.126  0.014 -0.130  0.063 -0.122   0.0697568602
 102 -0.033 -0.126  0.014 -0.129  0.063 -0.122   0.0697568486
 111 -0.033 -0.126  0.014 -0.129  0.051 -0.122   0.0697550000
 112 -0.033 -0.126  0.014 -0.129  0.056 -0.122   0.0697520629
 122 -0.033 -0.126  0.014 -0.129  0.056 -0.120   0.0697513073
 123 -0.033 -0.126  0.014 -0.129  0.056 -0.119   0.0697512751
 125 -0.028 -0.140  0.028 -0.138  0.050 -0.116   0.0697243751
 130 -0.025 -0.149  0.037 -0.143  0.046 -0.114   0.0697185515
 132 -0.024 -0.151  0.039 -0.144  0.045 -0.114   0.0697183442
 133 -0.024 -0.151  0.039 -0.144  0.045 -0.114   0.0697183013
 136 -0.024 -0.151  0.039 -0.144  0.045 -0.114   0.0697182949
 139 -0.024 -0.151  0.039 -0.144  0.045 -0.114   0.0697182725
  powell nthiter 2: fret = 0.069718
 147 -0.011 -0.151  0.039 -0.144  0.045 -0.114   0.0697030698
 148 -0.012 -0.151  0.039 -0.144  0.045 -0.114   0.0697028888
 157 -0.012 -0.151  0.039 -0.144  0.045 -0.110   0.0697009581
 176 -0.012 -0.151  0.039 -0.146  0.045 -0.110   0.0696995677
 186 -0.012 -0.151  0.039 -0.146  0.047 -0.110   0.0696994077
 193 -0.010 -0.156  0.044 -0.149  0.044 -0.109   0.0696971223
  powell nthiter 3: fret = 0.069697
 208 -0.007 -0.156  0.044 -0.149  0.044 -0.109   0.0696962605
 218 -0.007 -0.156  0.044 -0.149  0.044 -0.108   0.0696961007
 227 -0.007 -0.156  0.046 -0.149  0.044 -0.108   0.0696956247
 237 -0.007 -0.156  0.046 -0.151  0.044 -0.108   0.0696945479
 254 -0.007 -0.157  0.046 -0.151  0.044 -0.108   0.0696945099
 256 -0.007 -0.157  0.047 -0.152  0.044 -0.108   0.0696945075
 261 -0.007 -0.157  0.047 -0.152  0.044 -0.108   0.0696945059
 263 -0.007 -0.157  0.047 -0.152  0.044 -0.108   0.0696944874
 264 -0.004 -0.158  0.050 -0.154  0.044 -0.107   0.0696943178
  powell nthiter 4: fret = 0.069694
 289 -0.007 -0.157  0.049 -0.152  0.044 -0.108   0.0696941367
 291 -0.007 -0.157  0.048 -0.152  0.044 -0.108   0.0696941042
 299 -0.007 -0.157  0.048 -0.153  0.044 -0.108   0.0696939166
 316 -0.007 -0.156  0.048 -0.152  0.044 -0.108   0.0696938922
 317 -0.007 -0.157  0.048 -0.152  0.044 -0.108   0.0696938735
 321 -0.007 -0.157  0.048 -0.152  0.044 -0.108   0.0696938673
 322 -0.007 -0.156  0.048 -0.152  0.044 -0.108   0.0696938531
 323 -0.008 -0.156  0.049 -0.153  0.044 -0.108   0.0696934783
 326 -0.008 -0.155  0.050 -0.154  0.045 -0.108   0.0696933526
 327 -0.008 -0.155  0.050 -0.154  0.045 -0.108   0.0696933256
 334 -0.008 -0.155  0.050 -0.154  0.045 -0.108   0.0696933207
 338 -0.008 -0.155  0.050 -0.154  0.045 -0.108   0.0696933151
  powell nthiter 5: fret = 0.069693
 357 -0.008 -0.155  0.050 -0.154  0.045 -0.109   0.0696932927
 365 -0.007 -0.156  0.051 -0.154  0.044 -0.109   0.0696930137
 366 -0.007 -0.157  0.051 -0.155  0.044 -0.109   0.0696929252
 368 -0.007 -0.157  0.052 -0.155  0.044 -0.109   0.0696928884
 372 -0.007 -0.157  0.051 -0.155  0.044 -0.109   0.0696928616
 393 -0.007 -0.157  0.052 -0.155  0.044 -0.109   0.0696928521
 400 -0.007 -0.157  0.052 -0.155  0.044 -0.109   0.0696928348
  powell nthiter 6: fret = 0.069693
 435 -0.007 -0.157  0.053 -0.156  0.044 -0.109   0.0696928219
 469 -0.007 -0.157  0.053 -0.156  0.044 -0.109   0.0696928168
 472 -0.007 -0.157  0.053 -0.156  0.044 -0.109   0.0696928157
 474 -0.007 -0.157  0.053 -0.156  0.044 -0.109   0.0696928145
  powell nthiter 7: fret = 0.069693
 527 -0.008 -0.156  0.053 -0.154  0.044 -0.109   0.0696927824
 533 -0.007 -0.156  0.053 -0.154  0.044 -0.109   0.0696927724
 534 -0.007 -0.156  0.053 -0.154  0.044 -0.109   0.0696927720
 535 -0.007 -0.156  0.053 -0.154  0.044 -0.109   0.0696927709
 537 -0.007 -0.156  0.053 -0.154  0.044 -0.109   0.0696927687
  powell nthiter 8: fret = 0.069693
 569 -0.008 -0.156  0.053 -0.154  0.044 -0.109   0.0696926826
 582 -0.008 -0.156  0.053 -0.155  0.044 -0.109   0.0696926155
 596 -0.008 -0.156  0.052 -0.155  0.044 -0.109   0.0696925966
 604 -0.008 -0.156  0.052 -0.154  0.044 -0.109   0.0696925941
 607 -0.008 -0.156  0.052 -0.154  0.044 -0.109   0.0696925813
 610 -0.008 -0.156  0.052 -0.154  0.044 -0.109   0.0696925807
 611 -0.008 -0.156  0.052 -0.154  0.044 -0.109   0.0696925776
  powell nthiter 9: fret = 0.069693
 673 -0.008 -0.156  0.052 -0.154  0.044 -0.109   0.0696925714
Powell done niters = 9
Computing relative cost
 0  -25.0 -25.0 -25.0   1.003802
 1  -25.0 -25.0  25.0   1.002291
 2  -25.0  25.0 -25.0   1.006039
 3  -25.0  25.0  25.0   0.992705
 4   25.0 -25.0 -25.0   0.991887
 5   25.0 -25.0  25.0   1.009753
 6   25.0  25.0 -25.0   1.002356
 7   25.0  25.0  25.0   1.014271
REL:  8  0.069693    8.023106  1.002888 rel = 0.0694919 
Number of iterations     9
Min cost was 0.069693
Number of FunctionCalls   679
TolPowell 0.000000
nMaxItersPowell 36
OptimizationTime 80.567000 sec
Parameters at optimum (transmm) -0.00756 -0.15615  0.05187
Parameters at optimum (rotdeg) -0.15438  0.04421 -0.10913 
Final costs ----------------
Number of surface hits 388489
WM  Intensity   129.3482 +/-  24.9272
Ctx Intensity   178.0070 +/-  23.4996
Pct Contrast     32.2115 +/-  18.1433
Cost   0.0697
RelCost   0.0746
Reg at min cost was 
-0.99878  -0.02829  -0.04048  -0.21171;
-0.04300   0.09526   0.99452   0.17203;
 0.02428  -0.99505   0.09636  -0.08273;
 0.00000   0.00000   0.00000   1.00000;

Writing optimal reg to /out/freesurfer/sub-36/mri/transforms/T2raw.auto.dat, type = 14 
Original Reg 
-0.99871  -0.02771  -0.04245  -0.20467;
-0.04497   0.09789   0.99418   0.32815;
 0.02339  -0.99481   0.09901  -0.13387;
 0.00000   0.00000   0.00000   1.00000;

Original Reg - Optimal Reg
 0.00007   0.00059  -0.00197   0.00704;
-0.00197   0.00263  -0.00034   0.15612;
-0.00089   0.00024   0.00265  -0.05114;
 0.00000   0.00000   0.00000   0.00000;

Computing change in lh position
LH rmsDiffMean 0.202211
Computing change in rh position
Surface-RMS-Diff-mm 0.181196 0.073861 0.368052
mri_segreg done
MinCost: 0.069693 129.348245 178.007000 32.211465 
tkregister2_cmdl --mov /out/freesurfer/sub-36/mri/orig/T2raw.mgz --reg /out/freesurfer/sub-36/mri/transforms/T2raw.auto.dat --noedit --ltaout /out/freesurfer/sub-36/mri/transforms/T2raw.auto.lta
tkregister_tcl /opt/freesurfer/tktools/tkregister2.tcl
INFO: no target volume specified, assuming FreeSurfer orig volume.
target  volume orig
movable volume /out/freesurfer/sub-36/mri/orig/T2raw.mgz
reg file       /out/freesurfer/sub-36/mri/transforms/T2raw.auto.dat
LoadVol        0
ZeroCRAS       0
$Id: tkregister2.c,v 1.132.2.1 2016/08/02 21:17:29 greve Exp $
Diagnostic Level -1
---- Input registration matrix --------
-0.99878  -0.02829  -0.04048  -0.21171;
-0.04300   0.09526   0.99452   0.17203;
 0.02428  -0.99505   0.09636  -0.08273;
 0.00000   0.00000   0.00000   1.00000;
float2int = 0
---------------------------------------
INFO: loading target /out/freesurfer/sub-36/mri/orig.mgz
INFO: target does not conform to COR format, so I'm going to
reslice to COR. This will not affect the final registration.
Ttarg: --------------------
-1.00000   0.00000   0.00000   128.00000;
 0.00000   0.00000   1.00000  -128.00000;
 0.00000  -1.00000   0.00000   128.00000;
 0.00000   0.00000   0.00000   1.00000;
INFO: loading movable /out/freesurfer/sub-36/mri/orig/T2raw.mgz
Tmov: --------------------
-0.80000   0.00000   0.00000   102.40026;
 0.00000   0.00000   0.80000  -128.00000;
 0.00000  -0.80000   0.00000   128.00000;
 0.00000   0.00000   0.00000   1.00000;
mkheaderreg = 0, float2int = 0
---- Input registration matrix --------
-0.99878  -0.02829  -0.04048  -0.21171;
-0.04300   0.09526   0.99452   0.17203;
 0.02428  -0.99505   0.09636  -0.08273;
 0.00000   0.00000   0.00000   1.00000;
Determinant -1
subject = sub-36
RegMat ---------------------------
-0.99878  -0.02829  -0.04048  -0.21171;
-0.04300   0.09526   0.99452   0.17203;
 0.02428  -0.99505   0.09636  -0.08273;
 0.00000   0.00000   0.00000   1.00000;
Cleaning up
 
Started at Thu Jan 16 00:29:10 UTC 2020 
Ended   at Thu Jan 16 00:32:34 UTC 2020
BBR-Run-Time-Sec 204
 
bbregister Done
To check results, run:
tkregisterfv --mov /out/freesurfer/sub-36/mri/orig/T2raw.mgz --reg /out/freesurfer/sub-36/mri/transforms/T2raw.auto.lta --surfs 
